[2026-01-01 04:11:28] [INFO] [0;32mStarting ONERUN...[0m
[2026-01-01 04:11:28] [ERROR] [0;31mThis script must be run as root.[0m
[2026-01-01 04:11:37] [INFO] [0;32mStarting ONERUN...[0m
[2026-01-01 04:11:37] [INFO] [0;32mOS Detected: cachyos[0m
[2026-01-01 04:11:37] [INFO] [0;32mPackage Manager: pacman[0m
[2026-01-01 04:11:50] [INFO] [0;32mChecking for users without passwords...[0m
[2026-01-01 04:11:50] [INFO] [0;32mNo users without passwords found.[0m
[2026-01-01 04:11:56] [INFO] [0;32mChecking user crontabs...[0m
[2026-01-01 04:12:07] [INFO] [0;32mListing running services...[0m
[2026-01-01 04:12:28] [INFO] [0;32mChecking for potentially malicious services...[0m
[2026-01-01 04:12:28] [WARN] [0;33mFOUND POTENTIAL TOOL: ncat[0m
[2026-01-01 04:17:44] [INFO] [0;32mStarting ONERUN...[0m
[2026-01-01 04:17:44] [INFO] [0;32mOS Detected: cachyos[0m
[2026-01-01 04:17:44] [INFO] [0;32mPackage Manager: pacman[0m
[2026-01-01 04:17:44] [INFO] [0;32mActive Preset: standard (SSH Enabled: true)[0m
[2026-01-01 04:22:23] [INFO] [0;32mStarting ONERUN...[0m
[2026-01-01 04:22:23] [INFO] [0;32mOS Detected: cachyos[0m
[2026-01-01 04:22:23] [INFO] [0;32mPackage Manager: pacman[0m
[2026-01-01 04:22:23] [INFO] [0;32mActive Preset: standard (SSH Enabled: true)[0m
[2026-01-01 04:22:52] [INFO] [0;32m=== Intrusion Prevention (Fail2Ban) ===[0m
[2026-01-01 04:22:52] [WARN] [0;33mfail2ban-client is MISSING.[0m
[2026-01-01 04:22:55] [INFO] [0;32mInstalling package: fail2ban[0m
[2026-01-01 04:22:57] [INFO] [0;32mConfiguring Fail2Ban...[0m
[2026-01-01 04:22:57] [INFO] [0;32mCreating default jail.local...[0m
[2026-01-01 04:25:03] [INFO] [0;32mStarting ONERUN...[0m
[2026-01-01 04:25:03] [INFO] [0;32mOS Detected: cachyos[0m
[2026-01-01 04:25:03] [INFO] [0;32mPackage Manager: pacman[0m
[2026-01-01 04:25:03] [INFO] [0;32mActive Preset: standard (SSH Enabled: true)[0m
[2026-01-01 04:25:09] [INFO] [0;32m=== Intrusion Prevention (Fail2Ban) ===[0m
[2026-01-01 04:25:09] [INFO] [0;32mfail2ban-client is already installed.[0m
[2026-01-01 04:25:09] [INFO] [0;32mConfiguring Fail2Ban...[0m
[2026-01-01 04:25:10] [SUCCESS] [0;32mFail2Ban installed and running.[0m
[2026-01-01 04:25:21] [INFO] [0;32m=== Rootkit Detection (RKHunter) ===[0m
[2026-01-01 04:25:21] [WARN] [0;33mrkhunter is MISSING.[0m
[2026-01-01 04:25:23] [INFO] [0;32mInstalling package: rkhunter[0m
[2026-01-01 04:25:24] [INFO] [0;32mUpdating RKHunter properties...[0m
[2026-01-01 04:25:27] [INFO] [0;32mRunning system check...[0m
[2026-01-01 04:28:12] [INFO] [0;32mStarting ONERUN...[0m
[2026-01-01 04:28:12] [INFO] [0;32mOS Detected: cachyos[0m
[2026-01-01 04:28:12] [INFO] [0;32mPackage Manager: pacman[0m
[2026-01-01 04:28:12] [INFO] [0;32mActive Preset: standard (SSH Enabled: true)[0m
[2026-01-01 04:28:15] [INFO] [0;32m=== Rootkit Detection (RKHunter) ===[0m
[2026-01-01 04:28:15] [INFO] [0;32mrkhunter is already installed.[0m
[2026-01-01 04:28:15] [INFO] [0;32mUpdating RKHunter properties...[0m
[2026-01-01 04:28:18] [INFO] [0;32mRunning system check...[0m
